\BOOKMARK [0][-]{chapter.1}{Theory behind SVD}{}% 1
\BOOKMARK [1][-]{section.1.1}{The intuition behind SVD}{chapter.1}% 2
\BOOKMARK [2][-]{subsection.1.1.1}{SVD as a function composition}{section.1.1}% 3
\BOOKMARK [2][-]{subsection.1.1.2}{SVD as a change of basis}{section.1.1}% 4
\BOOKMARK [2][-]{subsection.1.1.3}{SVD as a geometrical interpretation}{section.1.1}% 5
\BOOKMARK [1][-]{section.1.2}{The SVD proofs}{chapter.1}% 6
\BOOKMARK [2][-]{subsection.1.2.1}{Algebraic proof \(using Spectral Theorem\)}{section.1.2}% 7
\BOOKMARK [3][-]{subsubsection.1.2.1.1}{The factorization properties}{subsection.1.2.1}% 8
\BOOKMARK [3][-]{subsubsection.1.2.1.2}{The Fundamental Theorem of Linear Algebra}{subsection.1.2.1}% 9
\BOOKMARK [3][-]{subsubsection.1.2.1.3}{The gramian matrix ATA}{subsection.1.2.1}% 10
\BOOKMARK [3][-]{subsubsection.1.2.1.4}{The Spectral Theorem}{subsection.1.2.1}% 11
\BOOKMARK [3][-]{subsubsection.1.2.1.5}{The spectral proof of SVD}{subsection.1.2.1}% 12
\BOOKMARK [2][-]{subsection.1.2.2}{Geometric proof \(using Compactness\)}{section.1.2}% 13
\BOOKMARK [0][-]{chapter.2}{Lanczos SVD Algorithm}{}% 14
\BOOKMARK [1][-]{section.2.1}{SVD as an eigen problem}{chapter.2}% 15
\BOOKMARK [1][-]{section.2.2}{Derivation of the serial algorithm}{chapter.2}% 16
\BOOKMARK [2][-]{subsection.2.2.1}{The Power Method}{section.2.2}% 17
\BOOKMARK [2][-]{subsection.2.2.2}{The Rayleigh-Ritz Method}{section.2.2}% 18
\BOOKMARK [2][-]{subsection.2.2.3}{The Lanczos Tridiagonalization Step}{section.2.2}% 19
\BOOKMARK [2][-]{subsection.2.2.4}{The Single-Vector Lanczos Algorithm}{section.2.2}% 20
\BOOKMARK [1][-]{section.2.3}{Profiling and Parallelization}{chapter.2}% 21
\BOOKMARK [2][-]{subsection.2.3.1}{Linear Algebra Kernels: BLAS and LAPACK}{section.2.3}% 22
\BOOKMARK [2][-]{subsection.2.3.2}{The two hot spots: SPMXV and IMTQL2}{section.2.3}% 23
\BOOKMARK [2][-]{subsection.2.3.3}{SVDLIBC: a history of lost parallelism}{section.2.3}% 24
\BOOKMARK [0][-]{chapter.3}{Distributed SVD algorithm}{}% 25
\BOOKMARK [1][-]{section.3.1}{The one-pass distributed algorithm}{chapter.3}% 26
\BOOKMARK [1][-]{section.3.2}{Subspace tracking}{chapter.3}% 27
\BOOKMARK [1][-]{section.3.3}{Merging Two SVD factorizations}{chapter.3}% 28
\BOOKMARK [2][-]{subsection.3.3.1}{Input and Output Parameters}{section.3.3}% 29
\BOOKMARK [2][-]{subsection.3.3.2}{Construction of a new basis}{section.3.3}% 30
\BOOKMARK [2][-]{subsection.3.3.3}{Producing the diagonal matrix }{section.3.3}% 31
\BOOKMARK [2][-]{subsection.3.3.4}{Calculating the final matrix U}{section.3.3}% 32
\BOOKMARK [1][-]{section.3.4}{Complexity and performance}{chapter.3}% 33
\BOOKMARK [2][-]{subsection.3.4.1}{Time complexity of the Merge-SVD algorithm}{section.3.4}% 34
\BOOKMARK [2][-]{subsection.3.4.2}{Performance with a large scale corpus}{section.3.4}% 35
\BOOKMARK [1][-]{section.3.5}{Accuracy of the merge algorithm}{chapter.3}% 36
